Current working Directory:  /home/ubuntu/ScenicGFootBall/src/scenic/simulators/gfootball/rl
pygame 2.0.1 (SDL 2.0.14, Python 3.8.7)
Hello from the pygame community. https://www.pygame.org/contribute.html
...Writing GFootBall Scenario to /home/ubuntu/.local/lib/python3.8/site-packages/gfootball/scenarios
from . import *
def build_scenario(builder):
	builder.config().manual_control = False
	builder.config().action_set = 'v2'
	builder.config().custom_display_stats = None
	builder.config().display_game_stats = True
	builder.config().players = ['agent:left_players=1', 'keyboard:right_players=1']
	builder.config().physics_steps_per_frame = 10
	builder.config().render = False
	builder.config().render_resolution_x = 1280
	builder.config().real_time = True
	builder.config().level = 'dynamic'
	builder.config().game_duration = 400
	builder.config().deterministic = False
	builder.config().offsides = False
	builder.config().end_episode_on_score = False
	builder.config().end_episode_on_out_of_play = False
	builder.config().end_episode_on_possession_change = False
	builder.config().right_team_difficulty = 0.0
	builder.config().left_team_difficulty = 0.0
	builder.config().stacked = False
	builder.config().rewards = 'scoring,checkpoints'
	builder.config().tracesdir = 'dumps'
	builder.config().logdir = 'dumps'
	builder.config().video_format = 'avi'
	builder.config().video_quality_level = 0
	builder.config().write_video = False
	builder.config().write_goal_dumps = False
	builder.config().write_full_episode_dumps = False
	builder.config().dump_full_episodes = False
	builder.config().dump_scores = False
	builder.config().dump_frequency = 0

	builder.SetBallPosition(0.7, -0.27999999999999997)

	builder.SetTeam(Team.e_Left)
	builder.AddPlayer(-0.98, -0.0, e_PlayerRole_GK)
	builder.AddPlayer(0.7, -0.0, e_PlayerRole_AM)
	builder.AddPlayer(0.7, -0.3, e_PlayerRole_CF)


	builder.SetTeam(Team.e_Right)
	builder.AddPlayer(-0.98, 0.0, e_PlayerRole_GK)
	builder.AddPlayer(-0.75, 0.1, e_PlayerRole_CB)



Using cuda device
Wrapping the env in a DummyVecEnv.
Wrapping the env in a VecTransposeImage.
Logging to ./tboard/final_3
Traceback (most recent call last):
  File "PPO_cnn_basic.py", line 67, in <module>
    PPOScenicBasic(scenario).train()
  File "PPO_cnn_basic.py", line 50, in train
    model.learn(total_timesteps=total_training_timesteps, tb_log_name="final")
  File "/home/ubuntu/.local/lib/python3.8/site-packages/stable_baselines3/ppo/ppo.py", line 255, in learn
    return super(PPO, self).learn(
  File "/home/ubuntu/.local/lib/python3.8/site-packages/stable_baselines3/common/on_policy_algorithm.py", line 222, in learn
    continue_training = self.collect_rollouts(self.env, callback, self.rollout_buffer, n_rollout_steps=self.n_steps)
  File "/home/ubuntu/.local/lib/python3.8/site-packages/stable_baselines3/common/on_policy_algorithm.py", line 163, in collect_rollouts
    new_obs, rewards, dones, infos = env.step(clipped_actions)
  File "/home/ubuntu/.local/lib/python3.8/site-packages/stable_baselines3/common/vec_env/base_vec_env.py", line 150, in step
    return self.step_wait()
  File "/home/ubuntu/.local/lib/python3.8/site-packages/stable_baselines3/common/vec_env/vec_transpose.py", line 48, in step_wait
    observations, rewards, dones, infos = self.venv.step_wait()
  File "/home/ubuntu/.local/lib/python3.8/site-packages/stable_baselines3/common/vec_env/dummy_vec_env.py", line 43, in step_wait
    obs, self.buf_rews[env_idx], self.buf_dones[env_idx], self.buf_infos[env_idx] = self.envs[env_idx].step(
  File "/home/ubuntu/.local/lib/python3.8/site-packages/stable_baselines3/common/monitor.py", line 97, in step
    observation, reward, done, info = self.env.step(action)
  File "/home/ubuntu/.local/lib/python3.8/site-packages/scenic/simulators/gfootball/rl_trainer.py", line 86, in step
    return self.simulation.step(action)
  File "/home/ubuntu/.local/lib/python3.8/site-packages/scenic/simulators/gfootball/simulator.py", line 216, in step
    obs, rew, self.done, info = self.env.step(action_to_take)
  File "/home/ubuntu/.local/lib/python3.8/site-packages/gym/core.py", line 234, in step
    return self.env.step(action)
  File "/home/ubuntu/.local/lib/python3.8/site-packages/gfootball/env/wrappers.py", line 367, in step
    observation, reward, done, info = self.env.step(action)
  File "/home/ubuntu/.local/lib/python3.8/site-packages/gym/core.py", line 280, in step
    observation, reward, done, info = self.env.step(action)
  File "/home/ubuntu/.local/lib/python3.8/site-packages/gym/core.py", line 268, in step
    observation, reward, done, info = self.env.step(action)
  File "/home/ubuntu/.local/lib/python3.8/site-packages/gym/core.py", line 268, in step
    observation, reward, done, info = self.env.step(action)
  File "/home/ubuntu/.local/lib/python3.8/site-packages/gym/core.py", line 268, in step
    observation, reward, done, info = self.env.step(action)
  File "/home/ubuntu/.local/lib/python3.8/site-packages/gfootball/env/football_env.py", line 176, in step
    _, reward, done, info = self._env.step(self._get_actions())
  File "/home/ubuntu/.local/lib/python3.8/site-packages/gfootball/env/football_env_core.py", line 193, in step
    self._env.step()
KeyboardInterrupt
Current working Directory:  /home/ubuntu/ScenicGFootBall/src/scenic/simulators/gfootball/rl
pygame 2.0.1 (SDL 2.0.14, Python 3.8.7)
Hello from the pygame community. https://www.pygame.org/contribute.html
...Writing GFootBall Scenario to /home/ubuntu/.local/lib/python3.8/site-packages/gfootball/scenarios
from . import *
def build_scenario(builder):
	builder.config().manual_control = False
	builder.config().action_set = 'v2'
	builder.config().custom_display_stats = None
	builder.config().display_game_stats = True
	builder.config().players = ['agent:left_players=1', 'keyboard:right_players=1']
	builder.config().physics_steps_per_frame = 10
	builder.config().render = False
	builder.config().render_resolution_x = 1280
	builder.config().real_time = True
	builder.config().level = 'dynamic'
	builder.config().game_duration = 400
	builder.config().deterministic = False
	builder.config().offsides = False
	builder.config().end_episode_on_score = False
	builder.config().end_episode_on_out_of_play = False
	builder.config().end_episode_on_possession_change = False
	builder.config().right_team_difficulty = 0.0
	builder.config().left_team_difficulty = 0.0
	builder.config().stacked = False
	builder.config().rewards = 'scoring,checkpoints'
	builder.config().tracesdir = 'dumps'
	builder.config().logdir = 'dumps'
	builder.config().video_format = 'avi'
	builder.config().video_quality_level = 0
	builder.config().write_video = False
	builder.config().write_goal_dumps = False
	builder.config().write_full_episode_dumps = False
	builder.config().dump_full_episodes = False
	builder.config().dump_scores = False
	builder.config().dump_frequency = 0

	builder.SetBallPosition(0.7, -0.27999999999999997)

	builder.SetTeam(Team.e_Left)
	builder.AddPlayer(-0.98, -0.0, e_PlayerRole_GK)
	builder.AddPlayer(0.7, -0.0, e_PlayerRole_AM)
	builder.AddPlayer(0.7, -0.3, e_PlayerRole_CF)


	builder.SetTeam(Team.e_Right)
	builder.AddPlayer(-0.98, 0.0, e_PlayerRole_GK)
	builder.AddPlayer(-0.75, 0.1, e_PlayerRole_CB)



Using cuda device
Wrapping the env in a DummyVecEnv.
Wrapping the env in a VecTransposeImage.
Logging to ./tboard/final_4
---------------------------------
| rollout/           |          |
|    ep_len_mean     | 401      |
|    ep_rew_mean     | -0.4     |
| time/              |          |
|    fps             | 126      |
|    iterations      | 1        |
|    time_elapsed    | 16       |
|    total_timesteps | 2048     |
---------------------------------
-----------------------------------------
| rollout/                |             |
|    ep_len_mean          | 401         |
|    ep_rew_mean          | -0.1        |
| time/                   |             |
|    fps                  | 107         |
|    iterations           | 2           |
|    time_elapsed         | 38          |
|    total_timesteps      | 4096        |
| train/                  |             |
|    approx_kl            | 0.007375758 |
|    clip_fraction        | 0.101       |
|    clip_range           | 0.2         |
|    entropy_loss         | -2.99       |
|    explained_variance   | -48         |
|    learning_rate        | 0.0003      |
|    loss                 | -0.0467     |
|    n_updates            | 10          |
|    policy_gradient_loss | -0.0243     |
|    value_loss           | 0.00195     |
-----------------------------------------
-----------------------------------------
| rollout/                |             |
|    ep_len_mean          | 401         |
|    ep_rew_mean          | -0.133      |
| time/                   |             |
|    fps                  | 101         |
|    iterations           | 3           |
|    time_elapsed         | 60          |
|    total_timesteps      | 6144        |
| train/                  |             |
|    approx_kl            | 0.045721397 |
|    clip_fraction        | 0.32        |
|    clip_range           | 0.2         |
|    entropy_loss         | -2.97       |
|    explained_variance   | -0.695      |
|    learning_rate        | 0.0003      |
|    loss                 | -0.0898     |
|    n_updates            | 20          |
|    policy_gradient_loss | -0.0651     |
|    value_loss           | 0.00232     |
-----------------------------------------
------------------------------------------
| rollout/                |              |
|    ep_len_mean          | 401          |
|    ep_rew_mean          | -0.1         |
| time/                   |              |
|    fps                  | 98           |
|    iterations           | 4            |
|    time_elapsed         | 82           |
|    total_timesteps      | 8192         |
| train/                  |              |
|    approx_kl            | -0.012567531 |
|    clip_fraction        | 0.395        |
|    clip_range           | 0.2          |
|    entropy_loss         | -2.94        |
|    explained_variance   | -0.615       |
|    learning_rate        | 0.0003       |
|    loss                 | -0.136       |
|    n_updates            | 30           |
|    policy_gradient_loss | -0.0748      |
|    value_loss           | 0.00183      |
------------------------------------------
-----------------------------------------
| rollout/                |             |
|    ep_len_mean          | 401         |
|    ep_rew_mean          | -0.16       |
| time/                   |             |
|    fps                  | 97          |
|    iterations           | 5           |
|    time_elapsed         | 105         |
|    total_timesteps      | 10240       |
| train/                  |             |
|    approx_kl            | 0.020149654 |
|    clip_fraction        | 0.517       |
|    clip_range           | 0.2         |
|    entropy_loss         | -2.91       |
|    explained_variance   | 0.388       |
|    learning_rate        | 0.0003      |
|    loss                 | -0.134      |
|    n_updates            | 40          |
|    policy_gradient_loss | -0.107      |
|    value_loss           | 0.00089     |
-----------------------------------------
-----------------------------------------
| rollout/                |             |
|    ep_len_mean          | 401         |
|    ep_rew_mean          | -0.167      |
| time/                   |             |
|    fps                  | 95          |
|    iterations           | 6           |
|    time_elapsed         | 128         |
|    total_timesteps      | 12288       |
| train/                  |             |
|    approx_kl            | -0.01801675 |
|    clip_fraction        | 0.474       |
|    clip_range           | 0.2         |
|    entropy_loss         | -2.86       |
|    explained_variance   | -2.4        |
|    learning_rate        | 0.0003      |
|    loss                 | -0.0825     |
|    n_updates            | 50          |
|    policy_gradient_loss | -0.075      |
|    value_loss           | 0.00218     |
-----------------------------------------
-----------------------------------------
| rollout/                |             |
|    ep_len_mean          | 401         |
|    ep_rew_mean          | -0.171      |
| time/                   |             |
|    fps                  | 94          |
|    iterations           | 7           |
|    time_elapsed         | 150         |
|    total_timesteps      | 14336       |
| train/                  |             |
|    approx_kl            | 0.035869017 |
|    clip_fraction        | 0.511       |
|    clip_range           | 0.2         |
|    entropy_loss         | -2.84       |
|    explained_variance   | 0.274       |
|    learning_rate        | 0.0003      |
|    loss                 | -0.13       |
|    n_updates            | 60          |
|    policy_gradient_loss | -0.0899     |
|    value_loss           | 0.00186     |
-----------------------------------------
----------------------------------------
| rollout/                |            |
|    ep_len_mean          | 401        |
|    ep_rew_mean          | -0.15      |
| time/                   |            |
|    fps                  | 94         |
|    iterations           | 8          |
|    time_elapsed         | 173        |
|    total_timesteps      | 16384      |
| train/                  |            |
|    approx_kl            | 0.03083472 |
|    clip_fraction        | 0.533      |
|    clip_range           | 0.2        |
|    entropy_loss         | -2.79      |
|    explained_variance   | 0.257      |
|    learning_rate        | 0.0003     |
|    loss                 | -0.131     |
|    n_updates            | 70         |
|    policy_gradient_loss | -0.0912    |
|    value_loss           | 0.00169    |
----------------------------------------
----------------------------------------
| rollout/                |            |
|    ep_len_mean          | 401        |
|    ep_rew_mean          | -0.2       |
| time/                   |            |
|    fps                  | 93         |
|    iterations           | 9          |
|    time_elapsed         | 196        |
|    total_timesteps      | 18432      |
| train/                  |            |
|    approx_kl            | 0.06599122 |
|    clip_fraction        | 0.577      |
|    clip_range           | 0.2        |
|    entropy_loss         | -2.76      |
|    explained_variance   | 0.584      |
|    learning_rate        | 0.0003     |
|    loss                 | -0.148     |
|    n_updates            | 80         |
|    policy_gradient_loss | -0.109     |
|    value_loss           | 0.000977   |
----------------------------------------
-----------------------------------------
| rollout/                |             |
|    ep_len_mean          | 401         |
|    ep_rew_mean          | -0.176      |
| time/                   |             |
|    fps                  | 93          |
|    iterations           | 10          |
|    time_elapsed         | 219         |
|    total_timesteps      | 20480       |
| train/                  |             |
|    approx_kl            | -0.04566984 |
|    clip_fraction        | 0.57        |
|    clip_range           | 0.2         |
|    entropy_loss         | -2.73       |
|    explained_variance   | -1.94       |
|    learning_rate        | 0.0003      |
|    loss                 | -0.0921     |
|    n_updates            | 90          |
|    policy_gradient_loss | -0.0823     |
|    value_loss           | 0.00219     |
-----------------------------------------
----------------------------------------
| rollout/                |            |
|    ep_len_mean          | 401        |
|    ep_rew_mean          | -0.161     |
| time/                   |            |
|    fps                  | 92         |
|    iterations           | 11         |
|    time_elapsed         | 243        |
|    total_timesteps      | 22528      |
| train/                  |            |
|    approx_kl            | 0.07454376 |
|    clip_fraction        | 0.602      |
|    clip_range           | 0.2        |
|    entropy_loss         | -2.7       |
|    explained_variance   | 0.572      |
|    learning_rate        | 0.0003     |
|    loss                 | -0.151     |
|    n_updates            | 100        |
|    policy_gradient_loss | -0.108     |
|    value_loss           | 0.00103    |
----------------------------------------
-----------------------------------------
| rollout/                |             |
|    ep_len_mean          | 401         |
|    ep_rew_mean          | -0.148      |
| time/                   |             |
|    fps                  | 92          |
|    iterations           | 12          |
|    time_elapsed         | 266         |
|    total_timesteps      | 24576       |
| train/                  |             |
|    approx_kl            | 0.060493987 |
|    clip_fraction        | 0.586       |
|    clip_range           | 0.2         |
|    entropy_loss         | -2.71       |
|    explained_variance   | 0.559       |
|    learning_rate        | 0.0003      |
|    loss                 | -0.16       |
|    n_updates            | 110         |
|    policy_gradient_loss | -0.103      |
|    value_loss           | 0.000715    |
-----------------------------------------
-----------------------------------------
| rollout/                |             |
|    ep_len_mean          | 401         |
|    ep_rew_mean          | -0.152      |
| time/                   |             |
|    fps                  | 91          |
|    iterations           | 13          |
|    time_elapsed         | 289         |
|    total_timesteps      | 26624       |
| train/                  |             |
|    approx_kl            | 0.075806744 |
|    clip_fraction        | 0.632       |
|    clip_range           | 0.2         |
|    entropy_loss         | -2.64       |
|    explained_variance   | 0.554       |
|    learning_rate        | 0.0003      |
|    loss                 | -0.141      |
|    n_updates            | 120         |
|    policy_gradient_loss | -0.112      |
|    value_loss           | 0.000708    |
-----------------------------------------
-----------------------------------------
| rollout/                |             |
|    ep_len_mean          | 401         |
|    ep_rew_mean          | -0.141      |
| time/                   |             |
|    fps                  | 91          |
|    iterations           | 14          |
|    time_elapsed         | 313         |
|    total_timesteps      | 28672       |
| train/                  |             |
|    approx_kl            | 0.017083474 |
|    clip_fraction        | 0.612       |
|    clip_range           | 0.2         |
|    entropy_loss         | -2.59       |
|    explained_variance   | -0.634      |
|    learning_rate        | 0.0003      |
|    loss                 | -0.0761     |
|    n_updates            | 130         |
|    policy_gradient_loss | -0.0898     |
|    value_loss           | 0.00105     |
-----------------------------------------
-----------------------------------------
| rollout/                |             |
|    ep_len_mean          | 401         |
|    ep_rew_mean          | -0.118      |
| time/                   |             |
|    fps                  | 91          |
|    iterations           | 15          |
|    time_elapsed         | 336         |
|    total_timesteps      | 30720       |
| train/                  |             |
|    approx_kl            | 0.058898352 |
|    clip_fraction        | 0.638       |
|    clip_range           | 0.2         |
|    entropy_loss         | -2.57       |
|    explained_variance   | 0.25        |
|    learning_rate        | 0.0003      |
|    loss                 | -0.138      |
|    n_updates            | 140         |
|    policy_gradient_loss | -0.113      |
|    value_loss           | 0.000529    |
-----------------------------------------
----------------------------------------
| rollout/                |            |
|    ep_len_mean          | 401        |
|    ep_rew_mean          | -0.123     |
| time/                   |            |
|    fps                  | 90         |
|    iterations           | 16         |
|    time_elapsed         | 360        |
|    total_timesteps      | 32768      |
| train/                  |            |
|    approx_kl            | 0.09346268 |
|    clip_fraction        | 0.618      |
|    clip_range           | 0.2        |
|    entropy_loss         | -2.59      |
|    explained_variance   | -3.87      |
|    learning_rate        | 0.0003     |
|    loss                 | -0.0811    |
|    n_updates            | 150        |
|    policy_gradient_loss | -0.0856    |
|    value_loss           | 0.00266    |
----------------------------------------
-----------------------------------------
| rollout/                |             |
|    ep_len_mean          | 401         |
|    ep_rew_mean          | -0.116      |
| time/                   |             |
|    fps                  | 90          |
|    iterations           | 17          |
|    time_elapsed         | 384         |
|    total_timesteps      | 34816       |
| train/                  |             |
|    approx_kl            | 0.041402563 |
|    clip_fraction        | 0.596       |
|    clip_range           | 0.2         |
|    entropy_loss         | -2.55       |
|    explained_variance   | -2.77       |
|    learning_rate        | 0.0003      |
|    loss                 | -0.132      |
|    n_updates            | 160         |
|    policy_gradient_loss | -0.0773     |
|    value_loss           | 0.00377     |
-----------------------------------------
------------------------------------------
| rollout/                |              |
|    ep_len_mean          | 401          |
|    ep_rew_mean          | -0.121       |
| time/                   |              |
|    fps                  | 90           |
|    iterations           | 18           |
|    time_elapsed         | 408          |
|    total_timesteps      | 36864        |
| train/                  |              |
|    approx_kl            | 0.0038254643 |
|    clip_fraction        | 0.646        |
|    clip_range           | 0.2          |
|    entropy_loss         | -2.45        |
|    explained_variance   | -0.24        |
|    learning_rate        | 0.0003       |
|    loss                 | -0.137       |
|    n_updates            | 170          |
|    policy_gradient_loss | -0.0909      |
|    value_loss           | 0.00214      |
------------------------------------------
-----------------------------------------
| rollout/                |             |
|    ep_len_mean          | 401         |
|    ep_rew_mean          | -0.113      |
| time/                   |             |
|    fps                  | 90          |
|    iterations           | 19          |
|    time_elapsed         | 432         |
|    total_timesteps      | 38912       |
| train/                  |             |
|    approx_kl            | 0.029603086 |
|    clip_fraction        | 0.632       |
|    clip_range           | 0.2         |
|    entropy_loss         | -2.42       |
|    explained_variance   | -0.282      |
|    learning_rate        | 0.0003      |
|    loss                 | -0.0896     |
|    n_updates            | 180         |
|    policy_gradient_loss | -0.0891     |
|    value_loss           | 0.00203     |
-----------------------------------------
----------------------------------------
| rollout/                |            |
|    ep_len_mean          | 401        |
|    ep_rew_mean          | -0.1       |
| time/                   |            |
|    fps                  | 89         |
|    iterations           | 20         |
|    time_elapsed         | 456        |
|    total_timesteps      | 40960      |
| train/                  |            |
|    approx_kl            | 0.07511585 |
|    clip_fraction        | 0.681      |
|    clip_range           | 0.2        |
|    entropy_loss         | -2.42      |
|    explained_variance   | 0.597      |
|    learning_rate        | 0.0003     |
|    loss                 | -0.138     |
|    n_updates            | 190        |
|    policy_gradient_loss | -0.114     |
|    value_loss           | 0.00078    |
----------------------------------------
---------------------------------------
| rollout/                |           |
|    ep_len_mean          | 401       |
|    ep_rew_mean          | -0.11     |
| time/                   |           |
|    fps                  | 89        |
|    iterations           | 21        |
|    time_elapsed         | 480       |
|    total_timesteps      | 43008     |
| train/                  |           |
|    approx_kl            | 0.0752526 |
|    clip_fraction        | 0.688     |
|    clip_range           | 0.2       |
|    entropy_loss         | -2.44     |
|    explained_variance   | 0.514     |
|    learning_rate        | 0.0003    |
|    loss                 | -0.146    |
|    n_updates            | 200       |
|    policy_gradient_loss | -0.116    |
|    value_loss           | 0.000465  |
---------------------------------------
------------------------------------------
| rollout/                |              |
|    ep_len_mean          | 401          |
|    ep_rew_mean          | -0.11        |
| time/                   |              |
|    fps                  | 89           |
|    iterations           | 22           |
|    time_elapsed         | 504          |
|    total_timesteps      | 45056        |
| train/                  |              |
|    approx_kl            | 0.0030474348 |
|    clip_fraction        | 0.625        |
|    clip_range           | 0.2          |
|    entropy_loss         | -2.4         |
|    explained_variance   | -4.43        |
|    learning_rate        | 0.0003       |
|    loss                 | -0.0917      |
|    n_updates            | 210          |
|    policy_gradient_loss | -0.081       |
|    value_loss           | 0.00168      |
------------------------------------------
-----------------------------------------
| rollout/                |             |
|    ep_len_mean          | 401         |
|    ep_rew_mean          | -0.11       |
| time/                   |             |
|    fps                  | 89          |
|    iterations           | 23          |
|    time_elapsed         | 528         |
|    total_timesteps      | 47104       |
| train/                  |             |
|    approx_kl            | 0.106642485 |
|    clip_fraction        | 0.661       |
|    clip_range           | 0.2         |
|    entropy_loss         | -2.4        |
|    explained_variance   | 0.448       |
|    learning_rate        | 0.0003      |
|    loss                 | -0.134      |
|    n_updates            | 220         |
|    policy_gradient_loss | -0.107      |
|    value_loss           | 0.000558    |
-----------------------------------------
-----------------------------------------
| rollout/                |             |
|    ep_len_mean          | 401         |
|    ep_rew_mean          | -0.11       |
| time/                   |             |
|    fps                  | 88          |
|    iterations           | 24          |
|    time_elapsed         | 556         |
|    total_timesteps      | 49152       |
| train/                  |             |
|    approx_kl            | 0.021258865 |
|    clip_fraction        | 0.637       |
|    clip_range           | 0.2         |
|    entropy_loss         | -2.34       |
|    explained_variance   | -2.06       |
|    learning_rate        | 0.0003      |
|    loss                 | -0.132      |
|    n_updates            | 230         |
|    policy_gradient_loss | -0.0819     |
|    value_loss           | 0.00127     |
-----------------------------------------
------------------------------------------
| rollout/                |              |
|    ep_len_mean          | 401          |
|    ep_rew_mean          | -0.12        |
| time/                   |              |
|    fps                  | 88           |
|    iterations           | 25           |
|    time_elapsed         | 580          |
|    total_timesteps      | 51200        |
| train/                  |              |
|    approx_kl            | -0.055770054 |
|    clip_fraction        | 0.627        |
|    clip_range           | 0.2          |
|    entropy_loss         | -2.33        |
|    explained_variance   | -8.16        |
|    learning_rate        | 0.0003       |
|    loss                 | -0.0811      |
|    n_updates            | 240          |
|    policy_gradient_loss | -0.0706      |
|    value_loss           | 0.00271      |
------------------------------------------
-----------------------------------------
| rollout/                |             |
|    ep_len_mean          | 401         |
|    ep_rew_mean          | -0.12       |
| time/                   |             |
|    fps                  | 87          |
|    iterations           | 26          |
|    time_elapsed         | 605         |
|    total_timesteps      | 53248       |
| train/                  |             |
|    approx_kl            | 0.028656226 |
|    clip_fraction        | 0.637       |
|    clip_range           | 0.2         |
|    entropy_loss         | -2.24       |
|    explained_variance   | -1.52       |
|    learning_rate        | 0.0003      |
|    loss                 | -0.141      |
|    n_updates            | 250         |
|    policy_gradient_loss | -0.0796     |
|    value_loss           | 0.003       |
-----------------------------------------
----------------------------------------
| rollout/                |            |
|    ep_len_mean          | 401        |
|    ep_rew_mean          | -0.11      |
| time/                   |            |
|    fps                  | 87         |
|    iterations           | 27         |
|    time_elapsed         | 630        |
|    total_timesteps      | 55296      |
| train/                  |            |
|    approx_kl            | 0.12970573 |
|    clip_fraction        | 0.663      |
|    clip_range           | 0.2        |
|    entropy_loss         | -2.3       |
|    explained_variance   | 0.551      |
|    learning_rate        | 0.0003     |
|    loss                 | -0.133     |
|    n_updates            | 260        |
|    policy_gradient_loss | -0.104     |
|    value_loss           | 0.000901   |
----------------------------------------
----------------------------------------
| rollout/                |            |
|    ep_len_mean          | 401        |
|    ep_rew_mean          | -0.11      |
| time/                   |            |
|    fps                  | 87         |
|    iterations           | 28         |
|    time_elapsed         | 656        |
|    total_timesteps      | 57344      |
| train/                  |            |
|    approx_kl            | 0.10319492 |
|    clip_fraction        | 0.69       |
|    clip_range           | 0.2        |
|    entropy_loss         | -2.26      |
|    explained_variance   | 0.402      |
|    learning_rate        | 0.0003     |
|    loss                 | -0.131     |
|    n_updates            | 270        |
|    policy_gradient_loss | -0.113     |
|    value_loss           | 0.00051    |
----------------------------------------
-----------------------------------------
| rollout/                |             |
|    ep_len_mean          | 401         |
|    ep_rew_mean          | -0.09       |
| time/                   |             |
|    fps                  | 86          |
|    iterations           | 29          |
|    time_elapsed         | 682         |
|    total_timesteps      | 59392       |
| train/                  |             |
|    approx_kl            | 0.004784196 |
|    clip_fraction        | 0.628       |
|    clip_range           | 0.2         |
|    entropy_loss         | -2.16       |
|    explained_variance   | -2.42       |
|    learning_rate        | 0.0003      |
|    loss                 | -0.109      |
|    n_updates            | 280         |
|    policy_gradient_loss | -0.0791     |
|    value_loss           | 0.0015      |
-----------------------------------------
----------------------------------------
| rollout/                |            |
|    ep_len_mean          | 401        |
|    ep_rew_mean          | -0.09      |
| time/                   |            |
|    fps                  | 86         |
|    iterations           | 30         |
|    time_elapsed         | 707        |
|    total_timesteps      | 61440      |
| train/                  |            |
|    approx_kl            | 0.11797741 |
|    clip_fraction        | 0.659      |
|    clip_range           | 0.2        |
|    entropy_loss         | -2.15      |
|    explained_variance   | 0.539      |
|    learning_rate        | 0.0003     |
|    loss                 | -0.122     |
|    n_updates            | 290        |
|    policy_gradient_loss | -0.0984    |
|    value_loss           | 0.00045    |
----------------------------------------
----------------------------------------
| rollout/                |            |
|    ep_len_mean          | 401        |
|    ep_rew_mean          | -0.09      |
| time/                   |            |
|    fps                  | 86         |
|    iterations           | 31         |
|    time_elapsed         | 734        |
|    total_timesteps      | 63488      |
| train/                  |            |
|    approx_kl            | 0.10796569 |
|    clip_fraction        | 0.674      |
|    clip_range           | 0.2        |
|    entropy_loss         | -2.14      |
|    explained_variance   | 0.272      |
|    learning_rate        | 0.0003     |
|    loss                 | -0.147     |
|    n_updates            | 300        |
|    policy_gradient_loss | -0.113     |
|    value_loss           | 0.00026    |
----------------------------------------
----------------------------------------
| rollout/                |            |
|    ep_len_mean          | 401        |
|    ep_rew_mean          | -0.09      |
| time/                   |            |
|    fps                  | 86         |
|    iterations           | 32         |
|    time_elapsed         | 760        |
|    total_timesteps      | 65536      |
| train/                  |            |
|    approx_kl            | 0.13707578 |
|    clip_fraction        | 0.669      |
|    clip_range           | 0.2        |
|    entropy_loss         | -2.17      |
|    explained_variance   | 0.544      |
|    learning_rate        | 0.0003     |
|    loss                 | -0.116     |
|    n_updates            | 310        |
|    policy_gradient_loss | -0.101     |
|    value_loss           | 0.000222   |
----------------------------------------
-----------------------------------------
| rollout/                |             |
|    ep_len_mean          | 401         |
|    ep_rew_mean          | -0.08       |
| time/                   |             |
|    fps                  | 85          |
|    iterations           | 33          |
|    time_elapsed         | 787         |
|    total_timesteps      | 67584       |
| train/                  |             |
|    approx_kl            | 0.118802875 |
|    clip_fraction        | 0.685       |
|    clip_range           | 0.2         |
|    entropy_loss         | -2.14       |
|    explained_variance   | 0.269       |
|    learning_rate        | 0.0003      |
|    loss                 | -0.0883     |
|    n_updates            | 320         |
|    policy_gradient_loss | -0.106      |
|    value_loss           | 0.000119    |
-----------------------------------------
----------------------------------------
| rollout/                |            |
|    ep_len_mean          | 401        |
|    ep_rew_mean          | -0.1       |
| time/                   |            |
|    fps                  | 85         |
|    iterations           | 34         |
|    time_elapsed         | 813        |
|    total_timesteps      | 69632      |
| train/                  |            |
|    approx_kl            | 0.10621157 |
|    clip_fraction        | 0.667      |
|    clip_range           | 0.2        |
|    entropy_loss         | -2.08      |
|    explained_variance   | 0.208      |
|    learning_rate        | 0.0003     |
|    loss                 | -0.152     |
|    n_updates            | 330        |
|    policy_gradient_loss | -0.11      |
|    value_loss           | 7.21e-05   |
----------------------------------------
-----------------------------------------
| rollout/                |             |
|    ep_len_mean          | 401         |
|    ep_rew_mean          | -0.09       |
| time/                   |             |
|    fps                  | 84          |
|    iterations           | 35          |
|    time_elapsed         | 844         |
|    total_timesteps      | 71680       |
| train/                  |             |
|    approx_kl            | -0.04377826 |
|    clip_fraction        | 0.592       |
|    clip_range           | 0.2         |
|    entropy_loss         | -1.95       |
|    explained_variance   | -48.1       |
|    learning_rate        | 0.0003      |
|    loss                 | -0.0364     |
|    n_updates            | 340         |
|    policy_gradient_loss | -0.0562     |
|    value_loss           | 0.00198     |
-----------------------------------------
----------------------------------------
| rollout/                |            |
|    ep_len_mean          | 401        |
|    ep_rew_mean          | -0.09      |
| time/                   |            |
|    fps                  | 84         |
|    iterations           | 36         |
|    time_elapsed         | 871        |
|    total_timesteps      | 73728      |
| train/                  |            |
|    approx_kl            | 0.16442665 |
|    clip_fraction        | 0.688      |
|    clip_range           | 0.2        |
|    entropy_loss         | -2.02      |
|    explained_variance   | 0.217      |
|    learning_rate        | 0.0003     |
|    loss                 | -0.141     |
|    n_updates            | 350        |
|    policy_gradient_loss | -0.109     |
|    value_loss           | 0.000257   |
----------------------------------------
----------------------------------------
| rollout/                |            |
|    ep_len_mean          | 401        |
|    ep_rew_mean          | -0.09      |
| time/                   |            |
|    fps                  | 83         |
|    iterations           | 37         |
|    time_elapsed         | 902        |
|    total_timesteps      | 75776      |
| train/                  |            |
|    approx_kl            | 0.13994713 |
|    clip_fraction        | 0.68       |
|    clip_range           | 0.2        |
|    entropy_loss         | -1.98      |
|    explained_variance   | 0.197      |
|    learning_rate        | 0.0003     |
|    loss                 | -0.132     |
|    n_updates            | 360        |
|    policy_gradient_loss | -0.107     |
|    value_loss           | 0.000167   |
----------------------------------------
-----------------------------------------
| rollout/                |             |
|    ep_len_mean          | 401         |
|    ep_rew_mean          | -0.1        |
| time/                   |             |
|    fps                  | 83          |
|    iterations           | 38          |
|    time_elapsed         | 927         |
|    total_timesteps      | 77824       |
| train/                  |             |
|    approx_kl            | -0.17128277 |
|    clip_fraction        | 0.638       |
|    clip_range           | 0.2         |
|    entropy_loss         | -1.92       |
|    explained_variance   | -53.5       |
|    learning_rate        | 0.0003      |
|    loss                 | -0.107      |
|    n_updates            | 370         |
|    policy_gradient_loss | -0.0576     |
|    value_loss           | 0.00414     |
-----------------------------------------
----------------------------------------
| rollout/                |            |
|    ep_len_mean          | 401        |
|    ep_rew_mean          | -0.11      |
| time/                   |            |
|    fps                  | 83         |
|    iterations           | 39         |
|    time_elapsed         | 953        |
|    total_timesteps      | 79872      |
| train/                  |            |
|    approx_kl            | 0.16048151 |
|    clip_fraction        | 0.696      |
|    clip_range           | 0.2        |
|    entropy_loss         | -1.91      |
|    explained_variance   | 0.259      |
|    learning_rate        | 0.0003     |
|    loss                 | -0.136     |
|    n_updates            | 380        |
|    policy_gradient_loss | -0.112     |
|    value_loss           | 0.000697   |
----------------------------------------
-----------------------------------------
| rollout/                |             |
|    ep_len_mean          | 401         |
|    ep_rew_mean          | -0.11       |
| time/                   |             |
|    fps                  | 83          |
|    iterations           | 40          |
|    time_elapsed         | 982         |
|    total_timesteps      | 81920       |
| train/                  |             |
|    approx_kl            | 0.048646428 |
|    clip_fraction        | 0.633       |
|    clip_range           | 0.2         |
|    entropy_loss         | -1.73       |
|    explained_variance   | -6.41       |
|    learning_rate        | 0.0003      |
|    loss                 | -0.0726     |
|    n_updates            | 390         |
|    policy_gradient_loss | -0.0718     |
|    value_loss           | 0.00196     |
-----------------------------------------
-----------------------------------------
| rollout/                |             |
|    ep_len_mean          | 401         |
|    ep_rew_mean          | -0.1        |
| time/                   |             |
|    fps                  | 83          |
|    iterations           | 41          |
|    time_elapsed         | 1009        |
|    total_timesteps      | 83968       |
| train/                  |             |
|    approx_kl            | 0.054599434 |
|    clip_fraction        | 0.65        |
|    clip_range           | 0.2         |
|    entropy_loss         | -1.92       |
|    explained_variance   | -2.24       |
|    learning_rate        | 0.0003      |
|    loss                 | -0.128      |
|    n_updates            | 400         |
|    policy_gradient_loss | -0.0809     |
|    value_loss           | 0.00221     |
-----------------------------------------
----------------------------------------
| rollout/                |            |
|    ep_len_mean          | 401        |
|    ep_rew_mean          | -0.1       |
| time/                   |            |
|    fps                  | 82         |
|    iterations           | 42         |
|    time_elapsed         | 1038       |
|    total_timesteps      | 86016      |
| train/                  |            |
|    approx_kl            | 0.21912998 |
|    clip_fraction        | 0.653      |
|    clip_range           | 0.2        |
|    entropy_loss         | -1.88      |
|    explained_variance   | -1.29      |
|    learning_rate        | 0.0003     |
|    loss                 | -0.0887    |
|    n_updates            | 410        |
|    policy_gradient_loss | -0.0837    |
|    value_loss           | 0.00353    |
----------------------------------------
----------------------------------------
| rollout/                |            |
|    ep_len_mean          | 401        |
|    ep_rew_mean          | -0.09      |
| time/                   |            |
|    fps                  | 82         |
|    iterations           | 43         |
|    time_elapsed         | 1065       |
|    total_timesteps      | 88064      |
| train/                  |            |
|    approx_kl            | 0.13737155 |
|    clip_fraction        | 0.682      |
|    clip_range           | 0.2        |
|    entropy_loss         | -1.8       |
|    explained_variance   | 0.411      |
|    learning_rate        | 0.0003     |
|    loss                 | -0.138     |
|    n_updates            | 420        |
|    policy_gradient_loss | -0.11      |
|    value_loss           | 0.000603   |
----------------------------------------
